  Game.cpp
C:\Users\2100629\OneDrive - Abertay University\Documents\GitHub\WFFC-Edit\WOFFCEdit\Game.cpp(28,16): warning C4305: '=': truncation from 'double' to 'float'
C:\Users\2100629\OneDrive - Abertay University\Documents\GitHub\WFFC-Edit\WOFFCEdit\Game.cpp(156,61): warning C4244: 'argument': conversion from 'int' to 'float', possible loss of data
C:\Users\2100629\OneDrive - Abertay University\Documents\GitHub\WFFC-Edit\WOFFCEdit\Game.cpp(156,47): warning C4244: 'argument': conversion from 'int' to 'float', possible loss of data
C:\Users\2100629\OneDrive - Abertay University\Documents\GitHub\WFFC-Edit\WOFFCEdit\Game.cpp(161,45): warning C4244: 'argument': conversion from 'int' to 'float', possible loss of data
C:\Users\2100629\OneDrive - Abertay University\Documents\GitHub\WFFC-Edit\WOFFCEdit\Game.cpp(161,31): warning C4244: 'argument': conversion from 'int' to 'float', possible loss of data
C:\Users\2100629\OneDrive - Abertay University\Documents\GitHub\WFFC-Edit\WOFFCEdit\Game.cpp(173,64): warning C4244: '=': conversion from 'double' to 'float', possible loss of data
C:\Users\2100629\OneDrive - Abertay University\Documents\GitHub\WFFC-Edit\WOFFCEdit\Game.cpp(174,28): warning C4244: '=': conversion from 'double' to 'float', possible loss of data
C:\Users\2100629\OneDrive - Abertay University\Documents\GitHub\WFFC-Edit\WOFFCEdit\Game.cpp(175,66): warning C4244: '=': conversion from 'double' to 'float', possible loss of data
C:\Users\2100629\OneDrive - Abertay University\Documents\GitHub\WFFC-Edit\WOFFCEdit\Game.cpp(271,23): warning C4267: 'initializing': conversion from 'size_t' to 'int', possible loss of data
C:\Users\2100629\OneDrive - Abertay University\Documents\GitHub\WFFC-Edit\WOFFCEdit\Game.cpp(281,57): warning C4244: 'argument': conversion from 'double' to 'float', possible loss of data
C:\Users\2100629\OneDrive - Abertay University\Documents\GitHub\WFFC-Edit\WOFFCEdit\Game.cpp(280,57): warning C4244: 'argument': conversion from 'double' to 'float', possible loss of data
C:\Users\2100629\OneDrive - Abertay University\Documents\GitHub\WFFC-Edit\WOFFCEdit\Game.cpp(279,97): warning C4244: 'argument': conversion from 'double' to 'float', possible loss of data
C:\Users\2100629\OneDrive - Abertay University\Documents\GitHub\WFFC-Edit\WOFFCEdit\Game.cpp(265,10): warning C4101: 'Buffer': unreferenced local variable
C:\Users\2100629\OneDrive - Abertay University\Documents\GitHub\WFFC-Edit\WOFFCEdit\Game.cpp(417,17): warning C4267: 'initializing': conversion from 'size_t' to 'int', possible loss of data
C:\Users\2100629\OneDrive - Abertay University\Documents\GitHub\WFFC-Edit\WOFFCEdit\Game.cpp(626,82): warning C4244: 'argument': conversion from 'int' to 'float', possible loss of data
C:\Users\2100629\OneDrive - Abertay University\Documents\GitHub\WFFC-Edit\WOFFCEdit\Game.cpp(626,57): warning C4244: 'argument': conversion from 'int' to 'float', possible loss of data
C:\Users\2100629\OneDrive - Abertay University\Documents\GitHub\WFFC-Edit\WOFFCEdit\Game.cpp(627,81): warning C4244: 'argument': conversion from 'int' to 'float', possible loss of data
C:\Users\2100629\OneDrive - Abertay University\Documents\GitHub\WFFC-Edit\WOFFCEdit\Game.cpp(627,56): warning C4244: 'argument': conversion from 'int' to 'float', possible loss of data
C:\Users\2100629\OneDrive - Abertay University\Documents\GitHub\WFFC-Edit\WOFFCEdit\Game.cpp(642,46): warning C4244: 'argument': conversion from 'double' to 'float', possible loss of data
C:\Users\2100629\OneDrive - Abertay University\Documents\GitHub\WFFC-Edit\WOFFCEdit\Game.cpp(641,46): warning C4244: 'argument': conversion from 'double' to 'float', possible loss of data
C:\Users\2100629\OneDrive - Abertay University\Documents\GitHub\WFFC-Edit\WOFFCEdit\Game.cpp(640,46): warning C4244: 'argument': conversion from 'double' to 'float', possible loss of data
C:\Users\2100629\OneDrive - Abertay University\Documents\GitHub\WFFC-Edit\WOFFCEdit\Game.cpp(650,48): warning C4244: 'argument': conversion from 'LONG' to 'float', possible loss of data
C:\Users\2100629\OneDrive - Abertay University\Documents\GitHub\WFFC-Edit\WOFFCEdit\Game.cpp(650,22): warning C4244: 'argument': conversion from 'LONG' to 'float', possible loss of data
C:\Users\2100629\OneDrive - Abertay University\Documents\GitHub\WFFC-Edit\WOFFCEdit\Game.cpp(655,48): warning C4244: 'argument': conversion from 'LONG' to 'float', possible loss of data
C:\Users\2100629\OneDrive - Abertay University\Documents\GitHub\WFFC-Edit\WOFFCEdit\Game.cpp(655,22): warning C4244: 'argument': conversion from 'LONG' to 'float', possible loss of data
  ToolMain.cpp
  _WIN32_WINNT not defined. Defaulting to _WIN32_WINNT_MAXVER (see WinSDKVer.h)
C:\Users\2100629\OneDrive - Abertay University\Documents\GitHub\WFFC-Edit\WOFFCEdit\ToolMain.cpp(95,46): warning C4244: '=': conversion from 'double' to 'float', possible loss of data
C:\Users\2100629\OneDrive - Abertay University\Documents\GitHub\WFFC-Edit\WOFFCEdit\ToolMain.cpp(96,46): warning C4244: '=': conversion from 'double' to 'float', possible loss of data
C:\Users\2100629\OneDrive - Abertay University\Documents\GitHub\WFFC-Edit\WOFFCEdit\ToolMain.cpp(97,46): warning C4244: '=': conversion from 'double' to 'float', possible loss of data
C:\Users\2100629\OneDrive - Abertay University\Documents\GitHub\WFFC-Edit\WOFFCEdit\ToolMain.cpp(98,46): warning C4244: '=': conversion from 'double' to 'float', possible loss of data
C:\Users\2100629\OneDrive - Abertay University\Documents\GitHub\WFFC-Edit\WOFFCEdit\ToolMain.cpp(99,46): warning C4244: '=': conversion from 'double' to 'float', possible loss of data
C:\Users\2100629\OneDrive - Abertay University\Documents\GitHub\WFFC-Edit\WOFFCEdit\ToolMain.cpp(100,46): warning C4244: '=': conversion from 'double' to 'float', possible loss of data
C:\Users\2100629\OneDrive - Abertay University\Documents\GitHub\WFFC-Edit\WOFFCEdit\ToolMain.cpp(101,46): warning C4244: '=': conversion from 'double' to 'float', possible loss of data
C:\Users\2100629\OneDrive - Abertay University\Documents\GitHub\WFFC-Edit\WOFFCEdit\ToolMain.cpp(102,46): warning C4244: '=': conversion from 'double' to 'float', possible loss of data
C:\Users\2100629\OneDrive - Abertay University\Documents\GitHub\WFFC-Edit\WOFFCEdit\ToolMain.cpp(103,46): warning C4244: '=': conversion from 'double' to 'float', possible loss of data
C:\Users\2100629\OneDrive - Abertay University\Documents\GitHub\WFFC-Edit\WOFFCEdit\ToolMain.cpp(115,48): warning C4244: '=': conversion from 'double' to 'float', possible loss of data
C:\Users\2100629\OneDrive - Abertay University\Documents\GitHub\WFFC-Edit\WOFFCEdit\ToolMain.cpp(116,48): warning C4244: '=': conversion from 'double' to 'float', possible loss of data
C:\Users\2100629\OneDrive - Abertay University\Documents\GitHub\WFFC-Edit\WOFFCEdit\ToolMain.cpp(117,48): warning C4244: '=': conversion from 'double' to 'float', possible loss of data
C:\Users\2100629\OneDrive - Abertay University\Documents\GitHub\WFFC-Edit\WOFFCEdit\ToolMain.cpp(121,48): warning C4244: '=': conversion from 'double' to 'float', possible loss of data
C:\Users\2100629\OneDrive - Abertay University\Documents\GitHub\WFFC-Edit\WOFFCEdit\ToolMain.cpp(122,47): warning C4244: '=': conversion from 'double' to 'float', possible loss of data
C:\Users\2100629\OneDrive - Abertay University\Documents\GitHub\WFFC-Edit\WOFFCEdit\ToolMain.cpp(123,42): warning C4244: '=': conversion from 'int' to 'float', possible loss of data
C:\Users\2100629\OneDrive - Abertay University\Documents\GitHub\WFFC-Edit\WOFFCEdit\ToolMain.cpp(127,50): warning C4244: '=': conversion from 'double' to 'int', possible loss of data
C:\Users\2100629\OneDrive - Abertay University\Documents\GitHub\WFFC-Edit\WOFFCEdit\ToolMain.cpp(128,50): warning C4244: '=': conversion from 'double' to 'int', possible loss of data
C:\Users\2100629\OneDrive - Abertay University\Documents\GitHub\WFFC-Edit\WOFFCEdit\ToolMain.cpp(138,57): warning C4244: '=': conversion from 'double' to 'float', possible loss of data
C:\Users\2100629\OneDrive - Abertay University\Documents\GitHub\WFFC-Edit\WOFFCEdit\ToolMain.cpp(139,57): warning C4244: '=': conversion from 'double' to 'float', possible loss of data
C:\Users\2100629\OneDrive - Abertay University\Documents\GitHub\WFFC-Edit\WOFFCEdit\ToolMain.cpp(140,57): warning C4244: '=': conversion from 'double' to 'float', possible loss of data
C:\Users\2100629\OneDrive - Abertay University\Documents\GitHub\WFFC-Edit\WOFFCEdit\ToolMain.cpp(141,58): warning C4244: '=': conversion from 'double' to 'float', possible loss of data
C:\Users\2100629\OneDrive - Abertay University\Documents\GitHub\WFFC-Edit\WOFFCEdit\ToolMain.cpp(142,58): warning C4244: '=': conversion from 'double' to 'float', possible loss of data
C:\Users\2100629\OneDrive - Abertay University\Documents\GitHub\WFFC-Edit\WOFFCEdit\ToolMain.cpp(143,58): warning C4244: '=': conversion from 'double' to 'float', possible loss of data
C:\Users\2100629\OneDrive - Abertay University\Documents\GitHub\WFFC-Edit\WOFFCEdit\ToolMain.cpp(144,59): warning C4244: '=': conversion from 'double' to 'float', possible loss of data
C:\Users\2100629\OneDrive - Abertay University\Documents\GitHub\WFFC-Edit\WOFFCEdit\ToolMain.cpp(145,56): warning C4244: '=': conversion from 'double' to 'float', possible loss of data
C:\Users\2100629\OneDrive - Abertay University\Documents\GitHub\WFFC-Edit\WOFFCEdit\ToolMain.cpp(146,54): warning C4244: '=': conversion from 'double' to 'float', possible loss of data
C:\Users\2100629\OneDrive - Abertay University\Documents\GitHub\WFFC-Edit\WOFFCEdit\ToolMain.cpp(147,57): warning C4244: '=': conversion from 'double' to 'float', possible loss of data
C:\Users\2100629\OneDrive - Abertay University\Documents\GitHub\WFFC-Edit\WOFFCEdit\ToolMain.cpp(207,17): warning C4267: 'initializing': conversion from 'size_t' to 'int', possible loss of data
  Generating Code...
  Win32SimpleSample.vcxproj -> C:\Users\2100629\OneDrive - Abertay University\Documents\GitHub\WFFC-Edit\WOFFCEdit\x64\Debug\WoFEdit.exe
